TN:
SF:src/common/networkSides.ts
FNF:0
FNH:0
DA:1,4
DA:92,4
DA:97,4
LF:3
LH:3
BRF:0
BRH:0
end_of_record
TN:
SF:src/constants/testSwatches.ts
FNF:0
FNH:0
DA:1,0
DA:36,0
LF:2
LH:0
BRF:0
BRH:0
end_of_record
TN:
SF:src/constants/uiConstants.ts
FNF:0
FNH:0
DA:1,8
DA:2,8
DA:3,8
DA:4,8
DA:6,8
DA:7,8
DA:8,8
DA:9,8
DA:10,8
LF:9
LH:9
BRF:0
BRH:0
end_of_record
TN:
SF:src/ui/app.network.tsx
FN:4,(anonymous_0)
FN:7,(anonymous_1)
FN:8,(anonymous_2)
FN:14,(anonymous_3)
FNF:4
FNH:1
FNDA:0,(anonymous_0)
FNDA:2,(anonymous_1)
FNDA:0,(anonymous_2)
FNDA:0,(anonymous_3)
DA:1,2
DA:3,2
DA:5,0
DA:8,2
DA:9,0
DA:10,0
DA:13,2
DA:14,2
LF:8
LH:5
BRDA:9,0,0,0
BRF:1
BRH:0
end_of_record
TN:
SF:src/ui/app.tsx
FN:11,App
FNF:1
FNH:0
FNDA:0,App
DA:1,0
DA:2,0
DA:3,0
DA:4,0
DA:5,0
DA:6,0
DA:7,0
DA:8,0
DA:9,0
DA:13,0
DA:15,0
DA:16,0
DA:19,0
DA:28,0
LF:14
LH:0
BRDA:13,0,0,0
BRDA:13,0,1,0
BRDA:15,1,0,0
BRF:3
BRH:0
end_of_record
TN:
SF:src/ui/main.tsx
FN:7,bootstrap
FN:12,(anonymous_8)
FNF:2
FNH:0
FNDA:0,bootstrap
FNDA:0,(anonymous_8)
DA:1,0
DA:2,0
DA:3,0
DA:4,0
DA:5,0
DA:8,0
DA:10,0
DA:12,0
DA:14,0
DA:15,0
DA:17,0
DA:24,0
LF:12
LH:0
BRF:0
BRH:0
end_of_record
TN:
SF:src/ui/components/OutputSection.tsx
FN:12,(anonymous_1)
FNF:1
FNH:0
FNDA:0,(anonymous_1)
DA:1,0
DA:4,0
DA:7,0
DA:12,0
DA:13,0
DA:26,0
LF:6
LH:0
BRF:0
BRH:0
end_of_record
TN:
SF:src/ui/components/PrimaryColors.tsx
FN:18,(anonymous_1)
FN:19,(anonymous_2)
FN:20,(anonymous_3)
FN:21,(anonymous_4)
FN:22,(anonymous_5)
FN:23,(anonymous_6)
FN:28,(anonymous_7)
FN:32,(anonymous_8)
FN:44,(anonymous_9)
FN:48,(anonymous_10)
FN:52,(anonymous_11)
FN:62,(anonymous_12)
FN:74,(anonymous_13)
FN:110,(anonymous_14)
FN:113,(anonymous_15)
FN:117,(anonymous_16)
FNF:16
FNH:15
FNDA:21,(anonymous_1)
FNDA:21,(anonymous_2)
FNDA:21,(anonymous_3)
FNDA:21,(anonymous_4)
FNDA:21,(anonymous_5)
FNDA:21,(anonymous_6)
FNDA:0,(anonymous_7)
FNDA:1,(anonymous_8)
FNDA:10,(anonymous_9)
FNDA:14,(anonymous_10)
FNDA:12,(anonymous_11)
FNDA:6,(anonymous_12)
FNDA:6,(anonymous_13)
FNDA:42,(anonymous_14)
FNDA:2,(anonymous_15)
FNDA:1,(anonymous_16)
DA:1,1
DA:2,1
DA:3,1
DA:4,1
DA:5,1
DA:6,1
DA:9,1
DA:10,1
DA:11,1
DA:12,1
DA:13,1
DA:18,1
DA:19,21
DA:20,21
DA:21,21
DA:22,21
DA:23,21
DA:25,21
DA:26,21
DA:28,21
DA:29,0
DA:32,21
DA:33,1
DA:34,1
DA:35,1
DA:40,1
DA:41,1
DA:44,21
DA:45,10
DA:46,10
DA:48,14
DA:49,7
DA:50,7
DA:52,7
DA:53,12
DA:54,12
DA:55,6
DA:57,6
DA:62,7
DA:63,6
DA:64,6
DA:69,6
DA:73,7
DA:74,6
DA:75,4
DA:76,4
DA:80,7
DA:81,5
DA:84,3
DA:85,3
DA:88,21
DA:111,42
DA:114,2
DA:115,2
DA:118,1
DA:119,1
DA:137,1
LF:57
LH:56
BRDA:54,0,0,6
BRDA:54,0,1,6
BRDA:73,1,0,4
BRDA:75,2,0,2
BRDA:75,2,1,2
BRDA:75,3,0,2
BRDA:75,3,1,2
BRDA:80,4,0,5
BRDA:85,5,0,3
BRDA:85,5,1,0
BRF:10
BRH:9
end_of_record
TN:
SF:src/ui/components/Settings.tsx
FN:11,(anonymous_1)
FNF:1
FNH:1
FNDA:3,(anonymous_1)
DA:3,1
DA:4,1
DA:5,1
DA:6,1
DA:11,1
DA:13,3
DA:30,1
LF:7
LH:7
BRDA:11,0,0,2
BRDA:11,1,0,2
BRF:2
BRH:2
end_of_record
TN:
SF:src/ui/components/SettingsSection.tsx
FN:22,(anonymous_1)
FN:23,(anonymous_2)
FNF:2
FNH:0
FNDA:0,(anonymous_1)
FNDA:0,(anonymous_2)
DA:2,0
DA:3,0
DA:5,0
DA:6,0
DA:7,0
DA:8,0
DA:9,0
DA:11,0
DA:12,0
DA:15,0
DA:22,0
DA:23,0
DA:24,0
DA:62,0
LF:14
LH:0
BRDA:42,0,0,0
BRDA:42,0,1,0
BRF:2
BRH:0
end_of_record
TN:
SF:src/ui/components/ShadeTint.tsx
FN:14,(anonymous_1)
FN:15,(anonymous_2)
FN:16,(anonymous_3)
FN:17,(anonymous_4)
FN:18,(anonymous_5)
FN:19,(anonymous_6)
FN:25,(anonymous_7)
FN:47,(anonymous_8)
FN:66,(anonymous_9)
FNF:9
FNH:9
FNDA:8,(anonymous_1)
FNDA:8,(anonymous_2)
FNDA:8,(anonymous_3)
FNDA:8,(anonymous_4)
FNDA:8,(anonymous_5)
FNDA:8,(anonymous_6)
FNDA:8,(anonymous_7)
FNDA:2,(anonymous_8)
FNDA:2,(anonymous_9)
DA:1,1
DA:2,1
DA:3,1
DA:8,1
DA:13,1
DA:15,8
DA:16,8
DA:17,8
DA:18,8
DA:19,8
DA:20,8
DA:21,8
DA:22,8
DA:23,8
DA:25,8
DA:26,8
DA:27,8
DA:28,8
DA:29,8
DA:32,8
DA:48,2
DA:49,2
DA:67,2
DA:68,2
DA:82,1
LF:25
LH:25
BRF:0
BRH:0
end_of_record
TN:
SF:src/ui/components/Steps.tsx
FN:16,(anonymous_1)
FN:17,(anonymous_2)
FN:18,(anonymous_3)
FN:19,(anonymous_4)
FN:20,(anonymous_5)
FN:51,(anonymous_6)
FN:66,(anonymous_7)
FN:68,(anonymous_8)
FNF:8
FNH:8
FNDA:7,(anonymous_1)
FNDA:7,(anonymous_2)
FNDA:7,(anonymous_3)
FNDA:7,(anonymous_4)
FNDA:7,(anonymous_5)
FNDA:35,(anonymous_6)
FNDA:21,(anonymous_7)
FNDA:1,(anonymous_8)
DA:1,1
DA:3,1
DA:4,1
DA:6,1
DA:7,1
DA:15,1
DA:17,7
DA:18,7
DA:19,7
DA:20,7
DA:22,7
DA:52,35
DA:67,21
DA:69,1
DA:70,1
DA:85,1
LF:16
LH:16
BRDA:56,0,0,7
BRDA:56,0,1,7
BRF:2
BRH:2
end_of_record
TN:
SF:src/ui/components/StylePlayground.tsx
FN:7,(anonymous_1)
FN:14,(anonymous_2)
FN:18,(anonymous_3)
FNF:3
FNH:0
FNDA:0,(anonymous_1)
FNDA:0,(anonymous_2)
FNDA:0,(anonymous_3)
DA:1,0
DA:2,0
DA:3,0
DA:5,0
DA:7,0
DA:9,0
DA:11,0
DA:15,0
DA:19,0
DA:38,0
LF:10
LH:0
BRF:0
BRH:0
end_of_record
TN:
SF:src/ui/components/SwatchInputSection.tsx
FN:12,(anonymous_1)
FNF:1
FNH:0
FNDA:0,(anonymous_1)
DA:1,0
DA:2,0
DA:4,0
DA:12,0
DA:13,0
DA:34,0
LF:6
LH:0
BRF:0
BRH:0
end_of_record
TN:
SF:src/ui/components/SwatchesOutput.tsx
FN:14,(anonymous_1)
FN:15,(anonymous_2)
FN:16,(anonymous_3)
FN:17,(anonymous_4)
FN:18,(anonymous_5)
FN:19,(anonymous_6)
FN:21,(anonymous_7)
FN:43,(anonymous_8)
FNF:8
FNH:8
FNDA:5,(anonymous_1)
FNDA:5,(anonymous_2)
FNDA:5,(anonymous_3)
FNDA:5,(anonymous_4)
FNDA:5,(anonymous_5)
FNDA:5,(anonymous_6)
FNDA:25,(anonymous_7)
FNDA:10,(anonymous_8)
DA:2,1
DA:3,1
DA:4,1
DA:6,1
DA:14,1
DA:15,5
DA:16,5
DA:17,5
DA:18,5
DA:19,5
DA:21,5
DA:22,25
DA:27,5
DA:44,10
DA:55,1
LF:15
LH:15
BRF:0
BRH:0
end_of_record
TN:
SF:src/ui/components/helpers/Badge.tsx
FN:27,(anonymous_1)
FN:36,(anonymous_2)
FNF:2
FNH:0
FNDA:0,(anonymous_1)
FNDA:0,(anonymous_2)
DA:3,0
DA:4,0
DA:5,0
DA:27,0
DA:36,0
DA:37,0
DA:39,0
DA:41,0
DA:42,0
DA:44,0
DA:45,0
DA:47,0
DA:48,0
DA:51,0
DA:52,0
DA:55,0
DA:56,0
DA:59,0
DA:62,0
DA:73,0
LF:20
LH:0
BRDA:29,0,0,0
BRDA:30,1,0,0
BRDA:31,2,0,0
BRDA:32,3,0,0
BRDA:39,4,0,0
BRDA:39,4,1,0
BRDA:39,4,2,0
BRDA:39,4,3,0
BRDA:39,4,4,0
BRDA:67,5,0,0
BRDA:67,5,1,0
BRDA:67,6,0,0
BRDA:67,6,1,0
BRF:13
BRH:0
end_of_record
TN:
SF:src/ui/components/helpers/FontAwesomeIcon.tsx
FN:13,(anonymous_0)
FNF:1
FNH:1
FNDA:178,(anonymous_0)
DA:2,6
DA:4,6
DA:5,6
DA:6,6
DA:7,6
DA:10,6
DA:13,6
DA:14,178
DA:17,6
LF:9
LH:9
BRF:0
BRH:0
end_of_record
TN:
SF:src/ui/components/helpers/Help.tsx
FN:14,(anonymous_1)
FNF:1
FNH:1
FNDA:151,(anonymous_1)
DA:1,5
DA:2,5
DA:14,5
DA:21,151
DA:36,5
LF:5
LH:5
BRDA:16,0,0,52
BRDA:17,1,0,151
BRDA:18,2,0,8
BRDA:19,3,0,21
BRF:4
BRH:4
end_of_record
TN:
SF:src/ui/components/helpers/NumberToggle.tsx
FN:13,(anonymous_1)
FN:21,(anonymous_2)
FN:22,(anonymous_3)
FN:27,(anonymous_4)
FN:44,(anonymous_5)
FN:65,(anonymous_6)
FNF:6
FNH:6
FNDA:17,(anonymous_1)
FNDA:27,(anonymous_2)
FNDA:27,(anonymous_3)
FNDA:15,(anonymous_4)
FNDA:4,(anonymous_5)
FNDA:4,(anonymous_6)
DA:1,2
DA:2,2
DA:13,2
DA:21,27
DA:22,27
DA:23,17
DA:24,17
DA:27,17
DA:28,15
DA:29,15
DA:33,17
DA:40,17
DA:45,4
DA:46,3
DA:66,4
DA:67,3
DA:85,2
LF:17
LH:17
BRDA:21,0,0,8
BRDA:21,0,1,19
BRDA:22,1,0,14
BRDA:22,1,1,13
BRDA:45,2,0,3
BRDA:54,3,0,15
BRDA:54,3,1,2
BRDA:66,4,0,3
BRDA:78,5,0,14
BRDA:78,5,1,3
BRF:10
BRH:10
end_of_record
TN:
SF:src/ui/components/helpers/TextAndInput.tsx
FN:13,(anonymous_1)
FN:22,(anonymous_2)
FN:29,(anonymous_3)
FN:35,(anonymous_4)
FN:40,(anonymous_5)
FN:51,(anonymous_6)
FN:56,(anonymous_7)
FN:60,(anonymous_8)
FN:77,(anonymous_9)
FN:85,(anonymous_10)
FN:88,(anonymous_11)
FN:100,(anonymous_12)
FNF:12
FNH:11
FNDA:33,(anonymous_1)
FNDA:24,(anonymous_2)
FNDA:2,(anonymous_3)
FNDA:0,(anonymous_4)
FNDA:4,(anonymous_5)
FNDA:2,(anonymous_6)
FNDA:22,(anonymous_7)
FNDA:3,(anonymous_8)
FNDA:7,(anonymous_9)
FNDA:1,(anonymous_10)
FNDA:2,(anonymous_11)
FNDA:9,(anonymous_12)
DA:1,1
DA:2,1
DA:3,1
DA:4,1
DA:13,1
DA:16,33
DA:17,33
DA:18,33
DA:19,33
DA:20,33
DA:22,33
DA:23,24
DA:24,9
DA:29,33
DA:30,2
DA:31,2
DA:35,33
DA:36,0
DA:40,33
DA:41,4
DA:42,2
DA:43,2
DA:44,2
DA:46,2
DA:47,2
DA:51,33
DA:52,2
DA:53,2
DA:56,33
DA:57,22
DA:60,33
DA:61,3
DA:62,2
DA:63,2
DA:64,1
DA:65,1
DA:66,1
DA:70,33
DA:77,7
DA:85,1
DA:88,2
DA:100,9
DA:117,1
LF:43
LH:42
BRDA:13,0,0,32
BRDA:13,1,0,33
BRDA:23,2,0,9
BRDA:23,3,0,24
BRDA:23,3,1,9
BRDA:41,4,0,2
BRDA:61,5,0,2
BRDA:61,5,1,1
BRDA:64,6,0,1
BRDA:74,7,0,18
BRDA:74,7,1,15
BRDA:91,8,0,14
BRDA:91,8,1,4
BRF:13
BRH:13
end_of_record
TN:
SF:src/ui/components/helpers/Toast.tsx
FN:21,(anonymous_0)
FN:28,(anonymous_1)
FN:32,(anonymous_2)
FN:37,(anonymous_3)
FN:46,(anonymous_4)
FNF:5
FNH:5
FNDA:122,(anonymous_0)
FNDA:122,(anonymous_1)
FNDA:4,(anonymous_2)
FNDA:122,(anonymous_3)
FNDA:59,(anonymous_4)
DA:1,4
DA:21,4
DA:28,122
DA:31,122
DA:32,59
DA:33,4
DA:37,122
DA:38,122
DA:39,59
DA:44,122
DA:46,59
DA:47,59
DA:49,59
DA:51,10
DA:52,10
DA:54,18
DA:55,18
DA:57,1
DA:58,1
DA:61,30
DA:64,59
DA:67,59
DA:76,4
LF:23
LH:23
BRDA:23,0,0,6
BRDA:24,1,0,6
BRDA:31,2,0,59
BRDA:38,3,0,59
BRDA:44,4,0,63
BRDA:49,5,0,10
BRDA:49,5,1,18
BRDA:49,5,2,1
BRDA:49,5,3,30
BRF:9
BRH:9
end_of_record
TN:
SF:src/ui/components/helpers/Toggle.tsx
FN:11,(anonymous_1)
FN:12,(anonymous_2)
FNF:2
FNH:2
FNDA:5,(anonymous_1)
FNDA:1,(anonymous_2)
DA:2,1
DA:11,1
DA:12,5
DA:13,1
DA:16,5
DA:56,1
LF:6
LH:6
BRDA:11,0,0,4
BRDA:11,1,0,4
BRDA:18,2,0,3
BRDA:18,2,1,2
BRDA:36,3,0,3
BRDA:36,3,1,2
BRDA:47,4,0,3
BRDA:47,4,1,2
BRF:8
BRH:8
end_of_record
TN:
SF:src/ui/components/helpers/TooltipWrapper.tsx
FN:25,(anonymous_0)
FN:34,(anonymous_1)
FNF:2
FNH:2
FNDA:158,(anonymous_0)
FNDA:158,(anonymous_1)
DA:2,6
DA:25,6
DA:34,158
DA:35,158
DA:37,1
DA:39,1
DA:41,1
DA:44,1
DA:47,152
DA:49,2
DA:53,158
DA:59,158
DA:79,6
LF:13
LH:13
BRDA:28,0,0,7
BRDA:29,1,0,7
BRDA:31,2,0,0
BRDA:32,3,0,7
BRDA:35,4,0,1
BRDA:35,4,1,1
BRDA:35,4,2,1
BRDA:35,4,3,1
BRDA:35,4,4,152
BRDA:35,4,5,2
BRDA:54,5,0,158
BRDA:54,5,1,0
BRDA:55,6,0,158
BRDA:55,6,1,0
BRF:14
BRH:11
end_of_record
TN:
SF:src/ui/components/shadeTint/RampNameEditor.tsx
FN:8,(anonymous_1)
FN:9,(anonymous_2)
FN:10,(anonymous_3)
FNF:3
FNH:0
FNDA:0,(anonymous_1)
FNDA:0,(anonymous_2)
FNDA:0,(anonymous_3)
DA:1,0
DA:3,0
DA:6,0
DA:8,0
DA:9,0
DA:10,0
DA:12,0
DA:29,0
LF:8
LH:0
BRF:0
BRH:0
end_of_record
TN:
SF:src/ui/components/steps/CustomStepBadges.tsx
FN:4,(anonymous_1)
FN:5,(anonymous_2)
FN:6,(anonymous_3)
FN:7,(anonymous_4)
FN:9,(anonymous_5)
FN:11,(anonymous_6)
FNF:6
FNH:0
FNDA:0,(anonymous_1)
FNDA:0,(anonymous_2)
FNDA:0,(anonymous_3)
FNDA:0,(anonymous_4)
FNDA:0,(anonymous_5)
FNDA:0,(anonymous_6)
DA:1,0
DA:2,0
DA:4,0
DA:5,0
DA:6,0
DA:7,0
DA:8,0
DA:10,0
DA:12,0
DA:13,0
DA:21,0
LF:11
LH:0
BRF:0
BRH:0
end_of_record
TN:
SF:src/ui/components/steps/CustomSteps.tsx
FN:18,(anonymous_1)
FN:22,(anonymous_2)
FN:23,(anonymous_3)
FN:24,(anonymous_4)
FN:26,(anonymous_5)
FN:30,(anonymous_6)
FN:52,(anonymous_7)
FN:72,(anonymous_8)
FN:77,(anonymous_9)
FN:81,(anonymous_10)
FN:92,(anonymous_11)
FNF:11
FNH:11
FNDA:31,(anonymous_1)
FNDA:31,(anonymous_2)
FNDA:31,(anonymous_3)
FNDA:31,(anonymous_4)
FNDA:10,(anonymous_5)
FNDA:39,(anonymous_6)
FNDA:6,(anonymous_7)
FNDA:6,(anonymous_8)
FNDA:1,(anonymous_9)
FNDA:8,(anonymous_10)
FNDA:3,(anonymous_11)
DA:1,1
DA:2,1
DA:3,1
DA:4,1
DA:5,1
DA:13,1
DA:18,1
DA:19,31
DA:20,31
DA:21,31
DA:22,31
DA:23,31
DA:24,31
DA:26,31
DA:27,10
DA:30,31
DA:32,39
DA:35,25
DA:36,25
DA:38,15
DA:41,15
DA:44,12
DA:47,9
DA:52,31
DA:54,6
DA:55,6
DA:57,3
DA:60,3
DA:63,2
DA:66,1
DA:69,0
DA:72,31
DA:73,6
DA:74,6
DA:77,31
DA:78,1
DA:81,31
DA:82,8
DA:83,2
DA:84,2
DA:85,2
DA:86,2
DA:88,6
DA:92,31
DA:93,3
DA:94,2
DA:95,2
DA:96,1
DA:97,1
DA:98,1
DA:102,31
DA:142,1
LF:52
LH:51
BRDA:18,0,0,31
BRDA:18,1,0,31
BRDA:32,2,0,14
BRDA:36,3,0,10
BRDA:41,4,0,3
BRDA:41,5,0,15
BRDA:41,5,1,15
BRDA:44,6,0,3
BRDA:44,7,0,12
BRDA:44,7,1,12
BRDA:44,7,2,9
BRDA:55,8,0,3
BRDA:60,9,0,1
BRDA:60,10,0,3
BRDA:60,10,1,3
BRDA:60,10,2,2
BRDA:63,11,0,1
BRDA:63,12,0,2
BRDA:63,12,1,2
BRDA:66,13,0,1
BRDA:82,14,0,2
BRDA:82,14,1,6
BRDA:93,15,0,2
BRDA:93,15,1,1
BRDA:96,16,0,1
BRDA:122,17,0,4
BRDA:122,17,1,27
BRF:27
BRH:27
end_of_record
TN:
SF:src/ui/components/steps/EqualSteps.tsx
FN:10,(anonymous_1)
FN:11,(anonymous_2)
FN:12,(anonymous_3)
FN:13,(anonymous_4)
FN:14,(anonymous_5)
FN:16,(anonymous_6)
FN:21,(anonymous_7)
FNF:7
FNH:7
FNDA:3,(anonymous_1)
FNDA:3,(anonymous_2)
FNDA:3,(anonymous_3)
FNDA:3,(anonymous_4)
FNDA:3,(anonymous_5)
FNDA:1,(anonymous_6)
FNDA:1,(anonymous_7)
DA:2,1
DA:4,1
DA:8,1
DA:10,1
DA:11,3
DA:12,3
DA:13,3
DA:14,3
DA:16,3
DA:17,1
DA:18,1
DA:21,3
DA:22,1
DA:23,1
DA:26,3
DA:45,1
LF:16
LH:16
BRDA:10,0,0,3
BRDA:10,1,0,3
BRF:2
BRH:2
end_of_record
TN:
SF:src/ui/components/steps/EqualStepsBadges.tsx
FN:4,(anonymous_1)
FN:5,(anonymous_2)
FN:9,(anonymous_3)
FNF:3
FNH:0
FNDA:0,(anonymous_1)
FNDA:0,(anonymous_2)
FNDA:0,(anonymous_3)
DA:1,0
DA:2,0
DA:4,0
DA:5,0
DA:7,0
DA:10,0
DA:16,0
LF:7
LH:0
BRF:0
BRH:0
end_of_record
TN:
SF:src/ui/components/swatchesInput/Chip.tsx
FN:11,(anonymous_0)
FNF:1
FNH:1
FNDA:39,(anonymous_0)
DA:11,3
DA:13,39
DA:20,39
DA:30,3
LF:4
LH:4
BRDA:15,0,0,39
BRDA:15,0,1,6
BRDA:16,1,0,39
BRDA:16,1,1,6
BRDA:22,2,0,39
BRDA:22,2,1,0
BRF:6
BRH:5
end_of_record
TN:
SF:src/ui/components/swatchesInput/Swatch.tsx
FN:7,(anonymous_1)
FN:26,(anonymous_2)
FN:34,(anonymous_3)
FN:60,(anonymous_4)
FN:72,(anonymous_5)
FN:73,(anonymous_6)
FNF:6
FNH:4
FNDA:31,(anonymous_1)
FNDA:11,(anonymous_2)
FNDA:10,(anonymous_3)
FNDA:1,(anonymous_4)
FNDA:0,(anonymous_5)
FNDA:0,(anonymous_6)
DA:1,2
DA:2,2
DA:4,2
DA:5,2
DA:7,2
DA:18,31
DA:19,31
DA:20,31
DA:21,31
DA:22,31
DA:23,31
DA:24,31
DA:26,31
DA:27,11
DA:28,2
DA:30,9
DA:34,31
DA:35,10
DA:36,10
DA:37,10
DA:38,10
DA:41,31
DA:60,1
DA:72,0
DA:73,0
DA:80,2
LF:26
LH:24
BRDA:16,0,0,31
BRDA:27,1,0,2
BRDA:27,1,1,9
BRDA:27,2,0,11
BRDA:27,2,1,11
BRDA:44,3,0,9
BRDA:44,3,1,22
BRDA:46,4,0,31
BRDA:46,4,1,31
BRDA:60,5,0,31
BRDA:60,5,1,0
BRDA:60,6,0,31
BRDA:60,6,1,31
BRF:13
BRH:12
end_of_record
TN:
SF:src/ui/components/swatchesInput/SwatchControls.tsx
FN:31,(anonymous_1)
FN:52,(anonymous_2)
FN:57,(anonymous_3)
FN:62,(anonymous_4)
FN:67,(anonymous_5)
FN:72,(anonymous_6)
FN:85,(anonymous_7)
FN:97,(anonymous_8)
FN:103,(anonymous_9)
FN:112,(anonymous_10)
FN:115,(anonymous_11)
FN:136,(anonymous_12)
FNF:12
FNH:10
FNDA:55,(anonymous_1)
FNDA:30,(anonymous_2)
FNDA:2,(anonymous_3)
FNDA:0,(anonymous_4)
FNDA:0,(anonymous_5)
FNDA:3,(anonymous_6)
FNDA:4,(anonymous_7)
FNDA:2,(anonymous_8)
FNDA:33,(anonymous_9)
FNDA:2,(anonymous_10)
FNDA:4,(anonymous_11)
FNDA:5,(anonymous_12)
DA:1,3
DA:2,3
DA:3,3
DA:4,3
DA:5,3
DA:6,3
DA:7,3
DA:8,3
DA:31,3
DA:47,55
DA:48,55
DA:49,55
DA:50,55
DA:52,55
DA:53,30
DA:57,55
DA:58,2
DA:62,55
DA:63,0
DA:67,55
DA:68,0
DA:72,55
DA:73,3
DA:74,3
DA:75,1
DA:76,1
DA:77,1
DA:79,2
DA:80,2
DA:81,2
DA:84,55
DA:85,55
DA:87,4
DA:88,2
DA:89,2
DA:90,2
DA:93,2
DA:97,55
DA:98,2
DA:99,2
DA:100,2
DA:103,55
DA:108,55
DA:109,19
DA:112,2
DA:115,4
DA:133,36
DA:136,5
DA:161,3
DA:163,3
LF:50
LH:48
BRDA:80,0,0,1
BRDA:80,0,1,1
BRDA:84,1,0,10
BRDA:84,1,1,45
BRDA:84,2,0,55
BRDA:84,2,1,51
BRDA:87,3,0,2
BRDA:87,3,1,2
BRDA:108,4,0,19
BRDA:118,5,0,13
BRDA:118,5,1,6
BRDA:139,6,0,36
BRDA:139,6,1,6
BRDA:144,7,0,36
BRDA:144,7,1,4
BRF:15
BRH:15
end_of_record
TN:
SF:src/ui/components/swatchesInput/SwatchLabels.tsx
FN:16,(anonymous_0)
FN:31,(anonymous_1)
FN:35,(anonymous_2)
FN:41,(anonymous_3)
FN:55,(anonymous_4)
FN:62,(anonymous_5)
FNF:6
FNH:6
FNDA:49,(anonymous_0)
FNDA:27,(anonymous_1)
FNDA:28,(anonymous_2)
FNDA:4,(anonymous_3)
FNDA:3,(anonymous_4)
FNDA:4,(anonymous_5)
DA:1,3
DA:2,3
DA:16,3
DA:28,49
DA:29,49
DA:31,49
DA:32,27
DA:35,49
DA:36,28
DA:37,15
DA:41,49
DA:42,4
DA:43,2
DA:44,2
DA:45,2
DA:46,2
DA:47,2
DA:51,49
DA:55,3
DA:62,4
DA:71,26
DA:82,3
LF:22
LH:22
BRDA:36,0,0,15
BRDA:36,1,0,28
BRDA:36,1,1,15
BRDA:42,2,0,2
BRDA:42,2,1,2
BRDA:45,3,0,2
BRDA:51,4,0,23
BRDA:60,5,0,3
BRDA:60,5,1,20
BRF:9
BRH:9
end_of_record
TN:
SF:src/ui/components/swatchesInput/index.ts
FN:1,(anonymous_1)
FNF:1
FNH:1
FNDA:1,(anonymous_1)
DA:1,2
LF:1
LH:1
BRF:0
BRH:0
end_of_record
TN:
SF:src/ui/components/swatchesOutput/ChipOutput.tsx
FN:9,ChipOutput
FNF:1
FNH:1
FNDA:4,ChipOutput
DA:2,1
DA:10,4
DA:11,4
DA:18,4
DA:24,1
LF:5
LH:5
BRDA:9,0,0,4
BRDA:9,1,0,4
BRDA:20,2,0,4
BRDA:20,2,1,1
BRF:4
BRH:4
end_of_record
TN:
SF:src/ui/components/swatchesOutput/OutputButtons.tsx
FN:13,(anonymous_1)
FN:25,(anonymous_2)
FN:54,(anonymous_3)
FN:83,(anonymous_4)
FN:116,(anonymous_5)
FN:147,(anonymous_6)
FN:178,(anonymous_7)
FNF:7
FNH:5
FNDA:80,(anonymous_1)
FNDA:11,(anonymous_2)
FNDA:7,(anonymous_3)
FNDA:7,(anonymous_4)
FNDA:0,(anonymous_5)
FNDA:0,(anonymous_6)
FNDA:2,(anonymous_7)
DA:1,1
DA:2,1
DA:3,1
DA:4,1
DA:5,1
DA:6,1
DA:7,1
DA:8,1
DA:9,1
DA:10,1
DA:11,1
DA:13,1
DA:14,80
DA:15,80
DA:16,80
DA:17,80
DA:18,80
DA:19,80
DA:22,80
DA:23,80
DA:25,80
DA:26,11
DA:27,11
DA:28,11
DA:29,11
DA:31,11
DA:33,11
DA:36,11
DA:38,9
DA:39,7
DA:40,7
DA:42,2
DA:43,2
DA:46,2
DA:47,2
DA:49,11
DA:50,11
DA:54,80
DA:55,7
DA:56,7
DA:57,7
DA:58,7
DA:60,7
DA:62,7
DA:65,7
DA:67,6
DA:68,5
DA:69,5
DA:71,1
DA:72,1
DA:75,1
DA:76,1
DA:78,7
DA:79,7
DA:83,80
DA:84,7
DA:85,7
DA:86,7
DA:87,7
DA:89,7
DA:91,7
DA:98,7
DA:100,6
DA:101,5
DA:102,5
DA:104,1
DA:105,1
DA:108,1
DA:109,1
DA:111,7
DA:112,7
DA:116,80
DA:117,0
DA:118,0
DA:121,0
DA:122,0
DA:123,0
DA:124,0
DA:125,0
DA:128,0
DA:130,0
DA:131,0
DA:132,0
DA:135,0
DA:136,0
DA:137,0
DA:139,0
DA:141,0
DA:142,0
DA:143,0
DA:147,80
DA:148,0
DA:149,0
DA:152,0
DA:153,0
DA:154,0
DA:155,0
DA:156,0
DA:159,0
DA:161,0
DA:162,0
DA:163,0
DA:166,0
DA:167,0
DA:168,0
DA:170,0
DA:172,0
DA:173,0
DA:174,0
DA:178,80
DA:179,2
DA:182,80
DA:251,1
LF:113
LH:77
BRDA:38,0,0,7
BRDA:38,0,1,2
BRDA:42,1,0,2
BRDA:42,1,1,0
BRDA:46,2,0,1
BRDA:46,2,1,1
BRDA:67,3,0,5
BRDA:67,3,1,1
BRDA:71,4,0,1
BRDA:71,4,1,0
BRDA:75,5,0,1
BRDA:75,5,1,0
BRDA:100,6,0,5
BRDA:100,6,1,1
BRDA:104,7,0,1
BRDA:104,7,1,0
BRDA:108,8,0,1
BRDA:108,8,1,0
BRDA:121,9,0,0
BRDA:121,10,0,0
BRDA:121,10,1,0
BRDA:130,11,0,0
BRDA:130,11,1,0
BRDA:141,12,0,0
BRDA:141,12,1,0
BRDA:152,13,0,0
BRDA:152,14,0,0
BRDA:152,14,1,0
BRDA:161,15,0,0
BRDA:161,15,1,0
BRDA:172,16,0,0
BRDA:172,16,1,0
BRDA:191,17,0,80
BRDA:191,17,1,69
BRDA:191,17,2,62
BRDA:193,18,0,11
BRDA:193,18,1,69
BRDA:198,19,0,80
BRDA:198,19,1,69
BRDA:198,19,2,62
BRDA:200,20,0,7
BRDA:200,20,1,73
BRDA:205,21,0,80
BRDA:205,21,1,69
BRDA:205,21,2,62
BRDA:207,22,0,7
BRDA:207,22,1,73
BRDA:215,23,0,80
BRDA:215,23,1,69
BRDA:215,23,2,62
BRDA:222,24,0,80
BRDA:222,24,1,69
BRDA:222,24,2,62
BRDA:245,25,0,9
BRDA:245,25,1,71
BRF:55
BRH:36
end_of_record
TN:
SF:src/ui/components/swatchesOutput/SwatchColorChip.tsx
FN:11,(anonymous_0)
FNF:1
FNH:1
FNDA:5,(anonymous_0)
DA:2,1
DA:11,1
DA:12,5
DA:13,5
DA:15,5
DA:33,1
LF:6
LH:6
BRDA:13,0,0,4
BRDA:13,0,1,1
BRDA:23,1,0,5
BRDA:23,1,1,0
BRDA:25,2,0,5
BRDA:25,2,1,5
BRF:6
BRH:5
end_of_record
TN:
SF:src/ui/components/swatchesOutput/SwatchGroupSwatches.tsx
FN:15,(anonymous_1)
FN:21,(anonymous_2)
FN:22,(anonymous_3)
FN:23,(anonymous_4)
FN:24,(anonymous_5)
FN:25,(anonymous_6)
FN:26,(anonymous_7)
FN:53,(anonymous_8)
FNF:8
FNH:8
FNDA:5,(anonymous_1)
FNDA:15,(anonymous_2)
FNDA:15,(anonymous_3)
FNDA:15,(anonymous_4)
FNDA:15,(anonymous_5)
FNDA:15,(anonymous_6)
FNDA:15,(anonymous_7)
FNDA:12,(anonymous_8)
DA:1,1
DA:4,1
DA:5,1
DA:6,1
DA:15,1
DA:21,15
DA:22,15
DA:23,15
DA:24,15
DA:25,15
DA:26,15
DA:27,5
DA:37,5
DA:54,12
DA:61,1
LF:15
LH:15
BRDA:42,0,0,5
BRDA:42,0,1,1
BRF:2
BRH:2
end_of_record
TN:
SF:src/ui/components/swatchesOutput/SwatchPrimitives.tsx
FN:8,(anonymous_1)
FN:9,(anonymous_2)
FN:10,(anonymous_3)
FN:11,(anonymous_4)
FN:12,(anonymous_5)
FN:13,(anonymous_6)
FN:14,(anonymous_7)
FN:15,(anonymous_8)
FN:16,(anonymous_9)
FN:17,(anonymous_10)
FN:18,(anonymous_11)
FN:44,(anonymous_12)
FNF:12
FNH:0
FNDA:0,(anonymous_1)
FNDA:0,(anonymous_2)
FNDA:0,(anonymous_3)
FNDA:0,(anonymous_4)
FNDA:0,(anonymous_5)
FNDA:0,(anonymous_6)
FNDA:0,(anonymous_7)
FNDA:0,(anonymous_8)
FNDA:0,(anonymous_9)
FNDA:0,(anonymous_10)
FNDA:0,(anonymous_11)
FNDA:0,(anonymous_12)
DA:1,0
DA:4,0
DA:5,0
DA:6,0
DA:8,0
DA:9,0
DA:10,0
DA:11,0
DA:12,0
DA:13,0
DA:14,0
DA:15,0
DA:16,0
DA:17,0
DA:18,0
DA:19,0
DA:30,0
DA:41,0
DA:45,0
DA:55,0
DA:62,0
LF:21
LH:0
BRF:0
BRH:0
end_of_record
TN:
SF:src/ui/components/swatchesOutput/index.ts
FNF:0
FNH:0
DA:1,0
DA:2,0
DA:3,0
DA:6,0
DA:7,0
DA:8,0
LF:6
LH:0
BRF:0
BRH:0
end_of_record
TN:
SF:src/ui/components/tokenSettings/Case.tsx
FN:4,(anonymous_1)
FN:5,(anonymous_2)
FN:6,(anonymous_3)
FN:20,(anonymous_4)
FN:30,(anonymous_5)
FN:41,(anonymous_6)
FN:50,(anonymous_7)
FNF:7
FNH:4
FNDA:2,(anonymous_1)
FNDA:2,(anonymous_2)
FNDA:2,(anonymous_3)
FNDA:0,(anonymous_4)
FNDA:0,(anonymous_5)
FNDA:1,(anonymous_6)
FNDA:0,(anonymous_7)
DA:2,1
DA:4,1
DA:5,2
DA:6,2
DA:9,2
DA:20,0
DA:30,0
DA:41,1
DA:50,0
DA:59,1
LF:10
LH:7
BRF:0
BRH:0
end_of_record
TN:
SF:src/ui/components/tokenSettings/CleanVariables.tsx
FN:6,(anonymous_1)
FN:7,(anonymous_2)
FN:8,(anonymous_3)
FNF:3
FNH:0
FNDA:0,(anonymous_1)
FNDA:0,(anonymous_2)
FNDA:0,(anonymous_3)
DA:2,0
DA:4,0
DA:6,0
DA:7,0
DA:8,0
DA:9,0
DA:25,0
LF:7
LH:0
BRF:0
BRH:0
end_of_record
TN:
SF:src/ui/components/tokenSettings/Leading.tsx
FN:6,(anonymous_1)
FN:7,(anonymous_2)
FN:8,(anonymous_3)
FN:9,(anonymous_4)
FN:10,(anonymous_5)
FN:11,(anonymous_6)
FN:12,(anonymous_7)
FN:13,(anonymous_8)
FN:31,(anonymous_9)
FN:40,(anonymous_10)
FNF:10
FNH:9
FNDA:9,(anonymous_1)
FNDA:9,(anonymous_2)
FNDA:9,(anonymous_3)
FNDA:9,(anonymous_4)
FNDA:9,(anonymous_5)
FNDA:9,(anonymous_6)
FNDA:9,(anonymous_7)
FNDA:9,(anonymous_8)
FNDA:0,(anonymous_9)
FNDA:1,(anonymous_10)
DA:1,1
DA:3,1
DA:4,1
DA:6,1
DA:7,9
DA:8,9
DA:9,9
DA:10,9
DA:11,9
DA:12,9
DA:13,9
DA:14,9
DA:31,0
DA:40,1
DA:58,1
LF:15
LH:14
BRF:0
BRH:0
end_of_record
TN:
SF:src/ui/components/tokenSettings/SampleToken.tsx
FN:5,(anonymous_1)
FN:6,(anonymous_2)
FN:7,(anonymous_3)
FN:8,(anonymous_4)
FN:9,(anonymous_5)
FN:10,(anonymous_6)
FN:11,(anonymous_7)
FN:16,(anonymous_8)
FNF:8
FNH:8
FNDA:1,(anonymous_1)
FNDA:1,(anonymous_2)
FNDA:1,(anonymous_3)
FNDA:1,(anonymous_4)
FNDA:1,(anonymous_5)
FNDA:1,(anonymous_6)
FNDA:1,(anonymous_7)
FNDA:1,(anonymous_8)
DA:1,1
DA:2,1
DA:3,1
DA:5,1
DA:6,1
DA:7,1
DA:8,1
DA:9,1
DA:10,1
DA:11,1
DA:13,1
DA:14,1
DA:16,1
DA:17,1
DA:19,1
DA:22,1
LF:16
LH:16
BRF:0
BRH:0
end_of_record
TN:
SF:src/ui/components/tokenSettings/Separator.tsx
FN:6,(anonymous_1)
FN:7,(anonymous_2)
FN:8,(anonymous_3)
FN:9,(anonymous_4)
FN:10,(anonymous_5)
FN:11,(anonymous_6)
FN:12,(anonymous_7)
FN:13,(anonymous_8)
FN:29,(anonymous_9)
FN:38,(anonymous_10)
FNF:10
FNH:9
FNDA:5,(anonymous_1)
FNDA:5,(anonymous_2)
FNDA:5,(anonymous_3)
FNDA:5,(anonymous_4)
FNDA:5,(anonymous_5)
FNDA:5,(anonymous_6)
FNDA:5,(anonymous_7)
FNDA:5,(anonymous_8)
FNDA:0,(anonymous_9)
FNDA:1,(anonymous_10)
DA:1,1
DA:2,1
DA:4,1
DA:6,1
DA:7,5
DA:8,5
DA:9,5
DA:10,5
DA:11,5
DA:12,5
DA:13,5
DA:14,5
DA:29,0
DA:38,1
DA:56,1
LF:15
LH:14
BRF:0
BRH:0
end_of_record
TN:
SF:src/ui/components/tokenSettings/Spaces.tsx
FN:4,(anonymous_1)
FN:5,(anonymous_2)
FN:6,(anonymous_3)
FN:18,(anonymous_4)
FN:27,(anonymous_5)
FN:38,(anonymous_6)
FN:47,(anonymous_7)
FNF:7
FNH:4
FNDA:2,(anonymous_1)
FNDA:2,(anonymous_2)
FNDA:2,(anonymous_3)
FNDA:0,(anonymous_4)
FNDA:0,(anonymous_5)
FNDA:0,(anonymous_6)
FNDA:1,(anonymous_7)
DA:2,1
DA:4,1
DA:5,2
DA:6,2
DA:7,2
DA:18,0
DA:27,0
DA:38,0
DA:47,1
DA:56,1
LF:10
LH:7
BRF:0
BRH:0
end_of_record
TN:
SF:src/ui/helpers/colorMethods.ts
FN:2,(anonymous_0)
FN:11,(anonymous_1)
FN:25,(anonymous_2)
FN:27,(anonymous_3)
FN:41,(anonymous_4)
FN:61,(anonymous_5)
FN:86,(anonymous_6)
FNF:7
FNH:7
FNDA:126,(anonymous_0)
FNDA:105,(anonymous_1)
FNDA:40,(anonymous_2)
FNDA:120,(anonymous_3)
FNDA:40,(anonymous_4)
FNDA:25,(anonymous_5)
FNDA:15,(anonymous_6)
DA:2,8
DA:3,126
DA:11,8
DA:12,105
DA:13,105
DA:14,105
DA:15,105
DA:25,8
DA:26,40
DA:28,120
DA:29,120
DA:41,8
DA:46,40
DA:61,8
DA:63,25
DA:66,25
DA:67,25
DA:68,25
DA:72,25
DA:74,10
DA:75,10
DA:78,15
DA:79,15
DA:83,25
DA:86,8
DA:88,15
DA:91,15
DA:92,15
DA:96,15
DA:97,15
DA:100,15
LF:31
LH:31
BRDA:29,0,0,41
BRDA:29,0,1,79
BRDA:72,1,0,10
BRDA:72,1,1,15
BRF:4
BRH:4
end_of_record
TN:
SF:src/ui/helpers/computeTokenName.ts
FN:5,(anonymous_0)
FN:18,(anonymous_1)
FN:27,(anonymous_2)
FN:35,(anonymous_3)
FN:41,(anonymous_4)
FN:47,(anonymous_5)
FNF:6
FNH:6
FNDA:561,(anonymous_0)
FNDA:561,(anonymous_1)
FNDA:26,(anonymous_2)
FNDA:529,(anonymous_3)
FNDA:125,(anonymous_4)
FNDA:561,(anonymous_5)
DA:5,9
DA:6,561
DA:8,460
DA:10,38
DA:12,12
DA:14,51
DA:18,9
DA:19,561
DA:21,446
DA:23,41
DA:27,13
DA:28,26
DA:31,61
DA:35,9
DA:36,529
DA:37,529
DA:38,529
DA:41,9
DA:42,125
DA:43,125
DA:44,125
DA:47,9
DA:59,561
DA:61,561
DA:63,561
DA:65,561
DA:66,561
LF:27
LH:27
BRDA:6,0,0,460
BRDA:6,0,1,38
BRDA:6,0,2,12
BRDA:6,0,3,51
BRDA:19,1,0,446
BRDA:19,1,1,41
BRDA:19,1,2,13
BRDA:19,1,3,61
BRDA:35,2,0,0
BRDA:36,3,0,514
BRDA:36,3,1,15
BRDA:41,4,0,0
BRDA:42,5,0,103
BRDA:42,5,1,22
BRDA:49,6,0,4
BRDA:50,7,0,4
BRDA:51,8,0,45
BRDA:52,9,0,49
BRDA:53,10,0,64
BRDA:54,11,0,67
BRDA:55,12,0,74
BRDA:56,13,0,524
BRDA:63,14,0,529
BRDA:63,14,1,32
BRDA:65,15,0,125
BRDA:65,15,1,436
BRF:26
BRH:24
end_of_record
TN:
SF:src/ui/helpers/styleDataPrep.ts
FN:12,prepareSwatchStyleData
FNF:1
FNH:1
FNDA:11,prepareSwatchStyleData
DA:4,2
DA:12,2
DA:18,11
LF:3
LH:3
BRF:0
BRH:0
end_of_record
TN:
SF:src/ui/helpers/swatchDataPrep.ts
FN:12,prepareSwatchCreationData
FNF:1
FNH:1
FNDA:15,prepareSwatchCreationData
DA:4,2
DA:12,2
DA:22,15
DA:25,15
LF:4
LH:4
BRF:0
BRH:0
end_of_record
TN:
SF:src/ui/helpers/variableDataPrep.ts
FN:10,prepareSwatchVariableData
FN:25,(anonymous_1)
FN:51,(anonymous_2)
FN:61,(anonymous_3)
FN:67,(anonymous_4)
FNF:5
FNH:5
FNDA:51,prepareSwatchVariableData
FNDA:441,(anonymous_1)
FNDA:145,(anonymous_2)
FNDA:329,(anonymous_3)
FNDA:143,(anonymous_4)
DA:2,5
DA:5,5
DA:10,5
DA:22,51
DA:25,51
DA:26,441
DA:39,51
DA:45,51
DA:51,145
DA:57,51
DA:60,51
DA:61,329
DA:67,51
DA:68,143
DA:70,143
DA:76,51
LF:16
LH:16
BRDA:25,0,0,0
BRF:1
BRH:0
end_of_record
TN:
SF:src/ui/helpers/variableExport.ts
FN:13,(anonymous_0)
FN:27,(anonymous_1)
FN:37,(anonymous_2)
FN:99,(anonymous_3)
FN:110,(anonymous_4)
FN:117,(anonymous_5)
FNF:6
FNH:5
FNDA:18,(anonymous_0)
FNDA:2,(anonymous_1)
FNDA:6,(anonymous_2)
FNDA:1,(anonymous_3)
FNDA:1,(anonymous_4)
FNDA:0,(anonymous_5)
DA:3,2
DA:4,2
DA:13,2
DA:14,18
DA:27,2
DA:33,2
DA:34,2
DA:37,2
DA:38,6
DA:46,2
DA:47,2
DA:48,2
DA:50,2
DA:51,2
DA:53,2
DA:55,2
DA:56,2
DA:57,2
DA:58,2
DA:60,2
DA:63,2
DA:65,2
DA:66,6
DA:67,6
DA:68,6
DA:72,2
DA:75,2
DA:76,2
DA:77,2
DA:78,2
DA:80,2
DA:81,2
DA:82,6
DA:83,6
DA:84,6
DA:88,2
DA:92,0
DA:93,0
DA:96,2
DA:99,2
DA:103,1
DA:104,1
DA:105,1
DA:107,1
DA:110,2
DA:114,1
DA:117,2
DA:119,0
DA:120,0
DA:121,0
DA:122,0
DA:124,0
DA:129,0
DA:130,0
DA:131,0
DA:132,0
DA:133,0
DA:134,0
DA:135,0
DA:136,0
DA:137,0
DA:139,0
DA:140,0
DA:142,0
DA:143,0
DA:145,0
DA:146,0
DA:149,0
DA:150,0
LF:69
LH:45
BRDA:13,0,0,6
BRDA:30,1,0,0
BRDA:31,2,0,0
BRDA:47,3,0,2
BRDA:47,4,0,2
BRDA:47,4,1,2
BRDA:50,5,0,2
BRDA:50,6,0,2
BRDA:50,6,1,2
BRDA:55,7,0,2
BRDA:55,8,0,2
BRDA:55,8,1,2
BRDA:66,9,0,6
BRDA:66,10,0,6
BRDA:66,10,1,6
BRDA:75,11,0,2
BRDA:75,11,1,0
BRDA:75,12,0,2
BRDA:75,12,1,2
BRDA:77,13,0,2
BRDA:80,14,0,2
BRDA:80,15,0,2
BRDA:80,15,1,2
BRDA:82,16,0,6
BRDA:82,17,0,6
BRDA:82,17,1,6
BRDA:119,18,0,0
BRDA:119,19,0,0
BRDA:119,19,1,0
BRDA:142,20,0,0
BRDA:142,20,1,0
BRF:31
BRH:23
end_of_record
TN:
SF:src/ui/interfaces/AlertLevel.ts
FNF:0
FNH:0
DA:1,0
LF:1
LH:0
BRF:0
BRH:0
end_of_record
TN:
SF:src/ui/store/useSwatchStore.ts
FN:18,(anonymous_0)
FN:113,(anonymous_1)
FN:118,(anonymous_2)
FN:119,(anonymous_3)
FN:120,(anonymous_4)
FN:121,(anonymous_5)
FN:122,(anonymous_6)
FN:123,(anonymous_7)
FN:124,(anonymous_8)
FN:125,(anonymous_9)
FN:126,(anonymous_10)
FN:127,(anonymous_11)
FN:128,(anonymous_12)
FN:130,(anonymous_13)
FN:134,(anonymous_14)
FN:143,(anonymous_15)
FN:152,(anonymous_16)
FN:156,(anonymous_17)
FN:157,(anonymous_18)
FN:160,(anonymous_19)
FN:162,(anonymous_20)
FN:166,(anonymous_21)
FN:170,(anonymous_22)
FN:173,(anonymous_23)
FN:173,(anonymous_24)
FN:174,(anonymous_25)
FN:174,(anonymous_26)
FN:175,(anonymous_27)
FN:186,(anonymous_28)
FN:186,(anonymous_29)
FN:186,(anonymous_30)
FN:187,(anonymous_31)
FN:202,(anonymous_32)
FN:203,(anonymous_33)
FN:206,(anonymous_34)
FN:210,(anonymous_35)
FN:211,(anonymous_36)
FN:218,(anonymous_37)
FNF:38
FNH:33
FNDA:3,(anonymous_0)
FNDA:2,(anonymous_1)
FNDA:3,(anonymous_2)
FNDA:3,(anonymous_3)
FNDA:7,(anonymous_4)
FNDA:0,(anonymous_5)
FNDA:4,(anonymous_6)
FNDA:3,(anonymous_7)
FNDA:0,(anonymous_8)
FNDA:5,(anonymous_9)
FNDA:1,(anonymous_10)
FNDA:0,(anonymous_11)
FNDA:6,(anonymous_12)
FNDA:103,(anonymous_13)
FNDA:1,(anonymous_14)
FNDA:1,(anonymous_15)
FNDA:1,(anonymous_16)
FNDA:1,(anonymous_17)
FNDA:1,(anonymous_18)
FNDA:1,(anonymous_19)
FNDA:1,(anonymous_20)
FNDA:0,(anonymous_21)
FNDA:0,(anonymous_22)
FNDA:4,(anonymous_23)
FNDA:4,(anonymous_24)
FNDA:1,(anonymous_25)
FNDA:1,(anonymous_26)
FNDA:1,(anonymous_27)
FNDA:1,(anonymous_28)
FNDA:1,(anonymous_29)
FNDA:2,(anonymous_30)
FNDA:5,(anonymous_31)
FNDA:4,(anonymous_32)
FNDA:4,(anonymous_33)
FNDA:17,(anonymous_34)
FNDA:1,(anonymous_35)
FNDA:1,(anonymous_36)
FNDA:2,(anonymous_37)
DA:1,2
DA:2,2
DA:3,2
DA:6,2
DA:18,2
DA:24,3
DA:25,3
DA:26,3
DA:28,3
DA:29,1
DA:35,1
DA:36,11
DA:42,1
DA:46,3
DA:111,2
DA:113,2
DA:118,3
DA:119,3
DA:120,7
DA:121,0
DA:122,4
DA:123,3
DA:124,0
DA:125,5
DA:126,1
DA:127,0
DA:129,6
DA:130,103
DA:135,1
DA:136,1
DA:144,1
DA:145,1
DA:153,1
DA:154,1
DA:157,1
DA:158,1
DA:161,1
DA:162,1
DA:163,1
DA:167,0
DA:168,0
DA:171,0
DA:173,4
DA:174,1
DA:176,1
DA:177,1
DA:183,0
DA:186,2
DA:188,5
DA:189,5
DA:190,5
DA:193,5
DA:194,37
DA:195,37
DA:198,5
DA:199,5
DA:203,4
DA:204,4
DA:205,4
DA:206,17
DA:207,4
DA:211,1
DA:212,1
DA:213,1
DA:214,1
DA:219,2
DA:220,2
DA:223,2
DA:225,2
DA:232,2
DA:233,2
DA:234,2
DA:236,2
LF:73
LH:66
BRDA:161,0,0,1
BRDA:176,1,0,1
BRF:2
BRH:2
end_of_record
TN:
SF:src/ui/store/useTokenNameStore.ts
FN:57,(anonymous_0)
FN:62,(anonymous_1)
FN:63,(anonymous_2)
FN:64,(anonymous_3)
FN:65,(anonymous_4)
FN:66,(anonymous_5)
FN:67,(anonymous_6)
FN:68,(anonymous_7)
FN:69,(anonymous_8)
FN:72,(anonymous_9)
FN:72,(anonymous_10)
FN:73,(anonymous_11)
FN:73,(anonymous_12)
FN:74,(anonymous_13)
FN:74,(anonymous_14)
FN:75,(anonymous_15)
FN:75,(anonymous_16)
FN:76,(anonymous_17)
FN:76,(anonymous_18)
FN:79,(anonymous_19)
FN:79,(anonymous_20)
FN:82,(anonymous_21)
FN:82,(anonymous_22)
FN:85,(anonymous_23)
FN:85,(anonymous_24)
FN:90,(anonymous_25)
FNF:26
FNH:23
FNDA:3,(anonymous_0)
FNDA:2,(anonymous_1)
FNDA:2,(anonymous_2)
FNDA:4,(anonymous_3)
FNDA:4,(anonymous_4)
FNDA:2,(anonymous_5)
FNDA:2,(anonymous_6)
FNDA:0,(anonymous_7)
FNDA:3,(anonymous_8)
FNDA:2,(anonymous_9)
FNDA:2,(anonymous_10)
FNDA:3,(anonymous_11)
FNDA:3,(anonymous_12)
FNDA:2,(anonymous_13)
FNDA:2,(anonymous_14)
FNDA:3,(anonymous_15)
FNDA:3,(anonymous_16)
FNDA:2,(anonymous_17)
FNDA:2,(anonymous_18)
FNDA:2,(anonymous_19)
FNDA:2,(anonymous_20)
FNDA:0,(anonymous_21)
FNDA:0,(anonymous_22)
FNDA:2,(anonymous_23)
FNDA:2,(anonymous_24)
FNDA:21,(anonymous_25)
DA:1,3
DA:9,3
DA:57,3
DA:62,2
DA:63,2
DA:64,4
DA:65,4
DA:66,2
DA:67,2
DA:68,0
DA:69,3
DA:72,2
DA:73,3
DA:74,2
DA:75,3
DA:76,2
DA:79,2
DA:82,0
DA:85,2
DA:90,21
DA:93,3
LF:21
LH:19
BRDA:77,0,0,1
BRDA:77,0,1,1
BRDA:80,1,0,1
BRDA:80,1,1,1
BRF:4
BRH:4
end_of_record
TN:
SF:src/ui/utils/classes.util.ts
FN:1,classes
FN:2,(anonymous_1)
FNF:2
FNH:0
FNDA:0,classes
FNDA:0,(anonymous_1)
DA:1,0
DA:2,0
LF:2
LH:0
BRF:0
BRH:0
end_of_record
